ABB - Abbott India Ltd
Source ROE : 34.9
Computed ROE : 22.411128284389488
Difference : 12.49%
Category : Formula Difference
--------------------------------------------------
ADANIENSOL - Adani Energy Solutions Ltd
Source ROE : 8.59
Computed ROE : 0.0
Difference : 8.59%
Category : Formula Difference
--------------------------------------------------
ADANIENT - Adani Enterprises Ltd
Source ROE : 13.64
Computed ROE : 5.692652832305104
Difference : 7.95%
Category : Formula Difference
--------------------------------------------------
ADANIGREEN - Adani Green Energy Ltd
Source ROE : 14.7
Computed ROE : -3.906899418121363
Difference : 18.61%
Category : Formula Difference
--------------------------------------------------
ADANIPORTS - Adani Ports & Special Economic Zone Ltd

Source ROE : 18.1
Computed ROE : 25.633406318423525
Difference : 7.53%
Category : Formula Difference
--------------------------------------------------
ADANIPOWER - Adani Power Ltd
Source ROE : 57.1
Computed ROE : -53.459119496855344
Difference : 110.56%
Category : Formula Difference
--------------------------------------------------
AMBUJACEM - Ambuja Cements Ltd
Source ROE : 9.24
Computed ROE : 14.686825053995682
Difference : 5.45%
Category : Formula Difference
--------------------------------------------------
BAJAJ-AUTO - Bajaj Auto Ltd
Source ROE : 26.5
Computed ROE : 38.84686918784873
Difference : 12.35%
Category : Formula Difference
--------------------------------------------------
BAJAJFINSV - Bajaj Finserv Ltd
Source ROE : 11.72
Computed ROE : 28.377339143809277
Difference : 16.66%
Category : Formula Difference
--------------------------------------------------
BEL - Bharat Electronics Ltd
Source ROE : 26.3
Computed ROE : 15183.333333333334
Difference : 15157.03%
Category : Formula Difference
--------------------------------------------------
BHARTIARTL - Bharti Airtel Ltd
Source ROE : 14.9
Computed ROE : 4.50498787806526
Difference : 10.40%
Category : Formula Difference
--------------------------------------------------
BHEL - Bharat Heavy Electricals Limited

Source ROE : 1.05
Computed ROE : 21.90906412648532
Difference : 20.86%
Category : Formula Difference
--------------------------------------------------
BPCL - Bharat Petroleum Corporation Ltd
Source ROE : 41.9
Computed ROE : 11.540983606557377
Difference : 30.36%
Category : Formula Difference
--------------------------------------------------
BRITANNIA - Britannia Industries Ltd
Source ROE : 57.1
Computed ROE : 46.59498207885305
Difference : 10.51%
Category : Formula Difference
--------------------------------------------------
CANBK - Canara Bank
Source ROE : 17.9
Computed ROE : 11.896250397203687
Difference : 6.00%
Category : Formula Difference
--------------------------------------------------
COALINDIA - Coal India Ltd
Source ROE : 52.0
Computed ROE : 35.80623865324311
Difference : 16.19%
Category : Formula Difference
--------------------------------------------------
DABUR - Dabur India Ltd
Source ROE : 19.2
Computed ROE : 36.563245823389025
Difference : 17.36%
Category : Formula Difference
--------------------------------------------------
DIVISLAB - Divis Laboratories Ltd
Source ROE : 12.2
Computed ROE : 24.070371851259495
Difference : 11.87%
Category : Formula Difference
--------------------------------------------------
GODREJCP - Godrej Consumer Products Ltd
Source ROE : 6.77
Computed ROE : 25.505584062782976
Difference : 18.74%
Category : Formula Difference
--------------------------------------------------
GRASIM - Grasim Industries Ltd
Source ROE : 6.9
Computed ROE : 19.219616421630974
Difference : 12.32%
Category : Formula Difference
--------------------------------------------------
HAL - Hindustan Aeronautics Ltd
Source ROE : 28.9
Computed ROE : 1966.9172932330828
Difference : 1938.02%
Category : Formula Difference
--------------------------------------------------
HAVELLS - Havells India Ltd
Source ROE : 18.0
Computed ROE : 40.29126213592233
Difference : 22.29%
Category : Formula Difference
--------------------------------------------------
HCLTECH - HCL Technologies Ltd
Source ROE : 23.3
Computed ROE : 30.689759951382555
Difference : 7.39%
Category : Formula Difference
--------------------------------------------------
HDFCLIFE - HDFC Life Insurance Company Ltd
Source ROE : 11.4
Computed ROE : 33.43305908750935
Difference : 22.03%
Category : Formula Difference
--------------------------------------------------
HEROMOTOCO - Hero MotoCorp Ltd

Source ROE : 22.0
Computed ROE : 37.38218033078428
Difference : 15.38%
Category : Formula Difference
--------------------------------------------------
HINDUNILVR - Hindustan Unilever Ltd

Source ROE : 20.2
Computed ROE : 133.99650959860384
Difference : 113.80%
Category : Formula Difference
--------------------------------------------------
ICICIPRULI - ICICI Prudential Life Insurance Company Ltd
Source ROE : 8.07
Computed ROE : 38.24791719262812
Difference : 30.18%
Category : Formula Difference
--------------------------------------------------
INFY - Infosys Ltd
Source ROE : 31.8
Computed ROE : 24.81707638048113
Difference : 6.98%
Category : Formula Difference
--------------------------------------------------
IOC - Indian Oil Corporation

Source ROE : 25.44
Computed ROE : 5.753763662610847
Difference : 19.69%
Category : Formula Difference
--------------------------------------------------
IRCTC - Indian Railway Catering & Tourism Corporation Ltd
Source ROE : 40.4
Computed ROE : 29.504504504504503
Difference : 10.90%
Category : Formula Difference
--------------------------------------------------
IRFC - Indian Railway Finance Corporation Ltd
Source ROE : 13.7
Computed ROE : 7.366594360086768
Difference : 6.33%
Category : Formula Difference
--------------------------------------------------
JSWENERGY - JSW Energy Ltd
Source ROE : 8.4
Computed ROE : 14.522888459058672
Difference : 6.12%
Category : Formula Difference
--------------------------------------------------
JSWSTEEL - JSW Steel Ltd
Source ROE : 11.66
Computed ROE : 5.443891004980955
Difference : 6.22%
Category : Formula Difference
--------------------------------------------------
LICI - Life Insurance Corporation of India
Source ROE : 63.61
Computed ROE : 324.32098765432096
Difference : 260.71%
Category : Formula Difference
--------------------------------------------------
LODHA - Macrotech Developers Ltd
Source ROE : 10.7
Computed ROE : 17.694437452806444
Difference : 6.99%
Category : Formula Difference
--------------------------------------------------
LT - Larsen & Toubro Ltd
Source ROE : 10.49
Computed ROE : 395.1456310679612
Difference : 384.66%
Category : Formula Difference
--------------------------------------------------
LTIM - LTIMindtree Ltd
Source ROE : 26.04
Computed ROE : 41.97162061239731
Difference : 15.93%
Category : Formula Difference
--------------------------------------------------
MOTHERSON - Samvardhana Motherson International Ltd
Source ROE : 11.8
Computed ROE : 19.746614242027086
Difference : 7.95%
Category : Formula Difference
--------------------------------------------------
NAUKRI - Info Edge (India) Ltd
Source ROE : 2.44
Computed ROE : 12.5
Difference : 10.06%
Category : Formula Difference
--------------------------------------------------
NESTLEIND - Nestle India Ltd
Source ROE : 135.61
Computed ROE : 47.170608108108105
Difference : 88.44%
Category : Formula Difference
--------------------------------------------------
PNB - Punjab National Bank
Source ROE : 8.7
Computed ROE : 812.2977346278317
Difference : 803.60%
Category : Formula Difference
--------------------------------------------------
SBILIFE - SBI Life Insurance Company Ltd
Source ROE : 12.0
Computed ROE : 23.026315789473685
Difference : 11.03%
Category : Formula Difference
--------------------------------------------------
SHREECEM - Shree Cement Ltd
Source ROE : 12.2
Computed ROE : 26.11862643080125
Difference : 13.92%
Category : Formula Difference
--------------------------------------------------
SUNPHARMA - Sun Pharmaceuticals Industries Ltd
Source ROE : 16.7
Computed ROE : 23.142094729819878
Difference : 6.44%
Category : Formula Difference
--------------------------------------------------
TATAMOTORS - Tata Motors Ltd
Source ROE : 49.4
Computed ROE : 26.505832026994714
Difference : 22.89%
Category : Formula Difference
--------------------------------------------------
TATAPOWER - Tata Power Company Ltd

Source ROE : 11.3
Computed ROE : 0.9971625456019456
Difference : 10.30%
Category : Formula Difference
--------------------------------------------------
TATASTEEL - Tata Steel Ltd

Source ROE : 6.55
Computed ROE : -21.280580592297788
Difference : 27.83%
Category : Formula Difference
--------------------------------------------------
TCS - Tata Consultancy Services Ltd
Source ROE : 0.52
Computed ROE : 36.51740777253152
Difference : 36.00%
Category : Formula Difference
--------------------------------------------------
TECHM - Tech Mahindra Ltd
Source ROE : 8.63
Computed ROE : 24.087725764835973
Difference : 15.46%
Category : Formula Difference
--------------------------------------------------
TORNTPHARM - Torrent Pharmaceuticals Ltd
Source ROE : 24.2
Computed ROE : 30.590717299578056
Difference : 6.39%
Category : Formula Difference
--------------------------------------------------
TRENT - Trent Ltd
Source ROE : 27.2
Computed ROE : -2.1933387489845653
Difference : 29.39%
Category : Formula Difference
--------------------------------------------------
